2020-01-03T08:14:04.354Z - normal: Load ~/.CocosCreator/settings.json
2020-01-03T08:14:04.356Z - normal: checking language setting...
2020-01-03T08:14:04.357Z - normal: Language: zh
2020-01-03T08:14:06.132Z - success: protocol editor-framework registered
2020-01-03T08:14:06.132Z - success: protocol app registered
2020-01-03T08:14:06.132Z - success: protocol theme registered
2020-01-03T08:14:06.132Z - success: protocol packages registered
2020-01-03T08:14:06.132Z - success: protocol unpack registerred
2020-01-03T08:14:06.132Z - success: protocol disable-commonjs registerred
2020-01-03T08:14:06.375Z - normal: connected!
2020-01-03T08:14:06.377Z - normal: Check project F:\ztf\project\LotteryVideo
2020-01-03T08:14:06.383Z - normal: Initializing Cocos2d
2020-01-03T08:14:06.610Z - normal: Initializing Asset Database
2020-01-03T08:14:06.662Z - success: protocol uuid registerred
2020-01-03T08:14:06.662Z - success: protocol db registerred
2020-01-03T08:14:06.662Z - success: protocol thumbnail registerred
2020-01-03T08:14:06.662Z - normal: Loading editor/builtin packages
2020-01-03T08:14:06.680Z - success: anysdk loaded
2020-01-03T08:14:06.792Z - success: assets loaded
2020-01-03T08:14:06.794Z - success: builder loaded
2020-01-03T08:14:06.796Z - success: cocos-analytics loaded
2020-01-03T08:14:06.800Z - success: console loaded
2020-01-03T08:14:06.831Z - success: fb-instant-games loaded
2020-01-03T08:14:06.833Z - success: hierarchy loaded
2020-01-03T08:14:06.836Z - success: inspector loaded
2020-01-03T08:14:06.837Z - success: keystore loaded
2020-01-03T08:14:06.840Z - success: node-library loaded
2020-01-03T08:14:06.842Z - success: package-asset loaded
2020-01-03T08:14:06.844Z - success: preferences loaded
2020-01-03T08:14:06.846Z - success: project-exporter loaded
2020-01-03T08:14:06.860Z - success: project-importer loaded
2020-01-03T08:14:06.863Z - success: project-settings loaded
2020-01-03T08:14:06.866Z - success: ui-kit loaded
2020-01-03T08:14:06.868Z - success: ui-grid loaded
2020-01-03T08:14:06.870Z - success: scene loaded
2020-01-03T08:14:06.871Z - success: sprite-editor loaded
2020-01-03T08:14:06.874Z - success: store loaded
2020-01-03T08:14:06.878Z - success: timeline loaded
2020-01-03T08:14:06.879Z - normal: Loading builtin packages
2020-01-03T08:14:06.882Z - success: asset-db-debugger loaded
2020-01-03T08:14:06.884Z - success: code-editor loaded
2020-01-03T08:14:06.885Z - success: color-picker loaded
2020-01-03T08:14:06.888Z - success: package-manager loaded
2020-01-03T08:14:06.890Z - success: qqplay-adapter loaded
2020-01-03T08:14:06.894Z - success: sdkbox loaded
2020-01-03T08:14:06.897Z - success: tester loaded
2020-01-03T08:14:06.899Z - success: ui-kit-preview-extra loaded
2020-01-03T08:14:06.902Z - success: ui-kit-preview loaded
2020-01-03T08:14:06.904Z - success: ui-tree loaded
2020-01-03T08:14:06.904Z - success: weapp-adapter loaded
2020-01-03T08:14:07.937Z - normal: Initializing project F:\ztf\project\LotteryVideo
2020-01-03T08:14:07.939Z - normal: Loading packages
2020-01-03T08:14:07.955Z - success: script loaded
2020-01-03T08:14:07.955Z - normal: Watching packages
2020-01-03T08:14:08.400Z - normal: Run Application
2020-01-03T08:14:14.604Z - success: preview server running at http://localhost:7458
2020-01-03T08:14:21.077Z - normal: 1.9.3
2020-01-03T08:14:28.585Z - normal: On the web is always keep the aspect ratio
2020-01-03T08:14:28.585Z - normal: On the web is always keep the aspect ratio
2020-01-03T08:14:28.586Z - normal: On the web is always keep the aspect ratio
2020-01-03T08:14:28.587Z - normal: On the web is always keep the aspect ratio
2020-01-03T08:14:28.587Z - normal: On the web is always keep the aspect ratio
2020-01-03T08:14:28.588Z - normal: On the web is always keep the aspect ratio
2020-01-03T08:14:29.432Z - normal: On the web is always keep the aspect ratio
2020-01-03T08:14:29.432Z - normal: On the web is always keep the aspect ratio
2020-01-03T08:14:29.433Z - normal: On the web is always keep the aspect ratio
2020-01-03T08:14:29.434Z - normal: On the web is always keep the aspect ratio
2020-01-03T08:14:29.434Z - normal: On the web is always keep the aspect ratio
2020-01-03T08:14:29.435Z - normal: On the web is always keep the aspect ratio
2020-01-03T09:52:42.600Z - warn: Error: [AssetLibrary] loading JSON or dependencies failed: undefined
2020-01-03T09:57:53.945Z - normal: On the web is always keep the aspect ratio
2020-01-03T09:57:53.946Z - normal: On the web is always keep the aspect ratio
2020-01-03T09:57:53.947Z - normal: On the web is always keep the aspect ratio
2020-01-03T09:57:53.947Z - normal: On the web is always keep the aspect ratio
2020-01-03T09:57:53.950Z - normal: On the web is always keep the aspect ratio
2020-01-03T09:57:53.950Z - normal: On the web is always keep the aspect ratio
